Started GET "/" for 127.0.0.1 at 2018-06-05 11:04:55 -0700
Processing by Rails::WelcomeController#index as HTML
  Rendering /Users/sgupta/.rvm/gems/ruby-2.4.1/gems/railties-5.2.0/lib/rails/templates/rails/welcome/index.html.erb
  Rendered /Users/sgupta/.rvm/gems/ruby-2.4.1/gems/railties-5.2.0/lib/rails/templates/rails/welcome/index.html.erb (4.4ms)
Completed 200 OK in 32ms (Views: 10.6ms | ActiveRecord: 0.0ms)


Started GET "/appointments/index?person_id=2&role=doctor" for 127.0.0.1 at 2018-06-05 22:01:34 -0700
Processing by AppointmentsController#index as HTML
  Parameters: {"person_id"=>"2", "role"=>"doctor"}
  Rendering appointments/index.html.erb within layouts/application
  Rendered appointments/index.html.erb within layouts/application (2.3ms)
Completed 200 OK in 279ms (Views: 270.8ms | ActiveRecord: 0.0ms)


Started GET "/doctors/index" for 127.0.0.1 at 2018-06-05 22:01:40 -0700
Processing by DoctorsController#index as HTML
  Rendering doctors/index.html.erb within layouts/application
  Rendered doctors/index.html.erb within layouts/application (0.6ms)
Completed 200 OK in 17ms (Views: 15.4ms | ActiveRecord: 0.0ms)


Started GET "/appointments/index?person_id=2&role=doctor" for 127.0.0.1 at 2018-06-05 22:01:43 -0700
Processing by AppointmentsController#index as HTML
  Parameters: {"person_id"=>"2", "role"=>"doctor"}
  Rendering appointments/index.html.erb within layouts/application
  Rendered appointments/index.html.erb within layouts/application (0.9ms)
Completed 200 OK in 25ms (Views: 23.5ms | ActiveRecord: 0.0ms)


Started GET "/appointments/index?person_id=2&role=doctor" for 127.0.0.1 at 2018-06-05 22:02:00 -0700
Processing by AppointmentsController#index as HTML
  Parameters: {"person_id"=>"2", "role"=>"doctor"}
  Rendering appointments/index.html.erb within layouts/application
  Rendered appointments/index.html.erb within layouts/application (0.9ms)
Completed 200 OK in 17ms (Views: 15.1ms | ActiveRecord: 0.0ms)


Started GET "/appointments/index?person_id=2&role=doctor" for 127.0.0.1 at 2018-06-05 22:02:01 -0700
Processing by AppointmentsController#index as HTML
  Parameters: {"person_id"=>"2", "role"=>"doctor"}
  Rendering appointments/index.html.erb within layouts/application
  Rendered appointments/index.html.erb within layouts/application (0.8ms)
Completed 200 OK in 30ms (Views: 28.1ms | ActiveRecord: 0.0ms)


Started GET "/appointments/index?person_id=2&role=doctor" for 127.0.0.1 at 2018-06-05 22:02:13 -0700
Processing by AppointmentsController#index as HTML
  Parameters: {"person_id"=>"2", "role"=>"doctor"}
  Rendering appointments/index.html.erb within layouts/application
  Rendered appointments/index.html.erb within layouts/application (0.8ms)
Completed 200 OK in 18ms (Views: 16.5ms | ActiveRecord: 0.0ms)


Started GET "/appointments/index?person_id=2&role=doctor" for 127.0.0.1 at 2018-06-05 22:02:35 -0700
Processing by AppointmentsController#index as HTML
  Parameters: {"person_id"=>"2", "role"=>"doctor"}
  Rendering appointments/index.html.erb within layouts/application
  Rendered appointments/index.html.erb within layouts/application (16.3ms)
Completed 500 Internal Server Error in 21ms (ActiveRecord: 0.0ms)


  
ActionView::Template::Error (undefined method `pry' for #<Binding:0x007fac506a5bb8>
Did you mean?  try):
    3:     <h3><%= @role.humanize %></h3>
    4:     <ul>
    5:       <% @all_persons.each do |person| %>
    6:         <% binding.pry %>
    7:         <% if true %>
    8:           <li style="background-color: dodgerblue;color:  white;"><%= link_to person, appointments_index_path(role: @role, person_id: person) %></li>
    9:         <% else %>
  
app/views/appointments/index.html.erb:6:in `block in _app_views_appointments_index_html_erb__4435769144899492419_70188979666260'
app/views/appointments/index.html.erb:5:in `each'
app/views/appointments/index.html.erb:5:in `_app_views_appointments_index_html_erb__4435769144899492419_70188979666260'
Started GET "/doctors/index" for 127.0.0.1 at 2018-06-05 22:07:51 -0700
Processing by DoctorsController#index as HTML
  Rendering doctors/index.html.erb within layouts/application
  Rendered doctors/index.html.erb within layouts/application (3.2ms)
Completed 500 Internal Server Error in 7ms (ActiveRecord: 0.0ms)


  
ActionView::Template::Error (undefined method `last_name' for {:id=>1, :first_name=>"Serena", :last_name=>"Gupta"}:Hash):
    1: <h3>Doctor</h3>
    2: <ul>
    3:   <% @doctors.each do |doctor| %>
    4:     <li><%= link_to "#{doctor.last_name.humanize}, #{doctor.first_name}", appointments_index_path(role: 'doctor', person_id: doctor.id) %></li>
    5:   <% end %>
    6: </ul>
  
app/views/doctors/index.html.erb:4:in `block in _app_views_doctors_index_html_erb__2119108790592933546_70188980139820'
app/views/doctors/index.html.erb:3:in `each'
app/views/doctors/index.html.erb:3:in `_app_views_doctors_index_html_erb__2119108790592933546_70188980139820'
Started GET "/doctors/index" for 127.0.0.1 at 2018-06-05 22:08:34 -0700
Processing by DoctorsController#index as HTML
  Rendering doctors/index.html.erb within layouts/application
  Rendered doctors/index.html.erb within layouts/application (0.9ms)
Completed 200 OK in 20ms (Views: 18.5ms | ActiveRecord: 0.0ms)


Started GET "/doctors/index" for 127.0.0.1 at 2018-06-05 22:09:06 -0700
Processing by DoctorsController#index as HTML
  Rendering doctors/index.html.erb within layouts/application
  Rendered doctors/index.html.erb within layouts/application (0.7ms)
Completed 200 OK in 18ms (Views: 16.3ms | ActiveRecord: 0.0ms)


Started GET "/doctors/index" for 127.0.0.1 at 2018-06-05 22:09:38 -0700
Processing by DoctorsController#index as HTML
  Rendering doctors/index.html.erb within layouts/application
  Rendered doctors/index.html.erb within layouts/application (0.7ms)
Completed 200 OK in 18ms (Views: 16.6ms | ActiveRecord: 0.0ms)


Started GET "/doctors/index" for 127.0.0.1 at 2018-06-05 22:10:49 -0700
Processing by DoctorsController#index as HTML
  Rendering doctors/index.html.erb within layouts/application
  Rendered doctors/index.html.erb within layouts/application (0.7ms)
Completed 200 OK in 15ms (Views: 13.8ms | ActiveRecord: 0.0ms)


Started GET "/doctors/index" for 127.0.0.1 at 2018-06-05 22:11:11 -0700
Processing by DoctorsController#index as HTML
  Rendering doctors/index.html.erb within layouts/application
  Rendered doctors/index.html.erb within layouts/application (0.7ms)
Completed 200 OK in 18ms (Views: 15.9ms | ActiveRecord: 0.0ms)


Started GET "/doctors/index" for 127.0.0.1 at 2018-06-05 22:11:25 -0700
Processing by DoctorsController#index as HTML
  Rendering doctors/index.html.erb within layouts/application
  Rendered doctors/index.html.erb within layouts/application (0.9ms)
Completed 200 OK in 21ms (Views: 18.5ms | ActiveRecord: 0.0ms)


Started GET "/appointments/index?person_id=2&role=doctor" for 127.0.0.1 at 2018-06-05 22:11:39 -0700
Processing by AppointmentsController#index as HTML
  Parameters: {"person_id"=>"2", "role"=>"doctor"}
  Rendering appointments/index.html.erb within layouts/application
  Rendered appointments/index.html.erb within layouts/application (1.8ms)
Completed 200 OK in 21ms (Views: 19.3ms | ActiveRecord: 0.0ms)


Started GET "/doctors/index" for 127.0.0.1 at 2018-06-05 22:11:59 -0700
Processing by DoctorsController#index as HTML
  Rendering doctors/index.html.erb within layouts/application
  Rendered doctors/index.html.erb within layouts/application (0.8ms)
Completed 200 OK in 22ms (Views: 20.2ms | ActiveRecord: 0.0ms)


Started GET "/appointments/index?person_id=1&role=doctor" for 127.0.0.1 at 2018-06-05 22:12:36 -0700
Processing by AppointmentsController#index as HTML
  Parameters: {"person_id"=>"1", "role"=>"doctor"}
  Rendering appointments/index.html.erb within layouts/application
  Rendered appointments/index.html.erb within layouts/application (1.2ms)
Completed 200 OK in 20ms (Views: 18.7ms | ActiveRecord: 0.0ms)


Started GET "/appointments/index?person_id=3&role=doctor" for 127.0.0.1 at 2018-06-05 22:12:39 -0700
Processing by AppointmentsController#index as HTML
  Parameters: {"person_id"=>"3", "role"=>"doctor"}
  Rendering appointments/index.html.erb within layouts/application
  Rendered appointments/index.html.erb within layouts/application (1.4ms)
Completed 200 OK in 20ms (Views: 18.6ms | ActiveRecord: 0.0ms)


Started GET "/appointments/index?person_id=1&role=doctor" for 127.0.0.1 at 2018-06-05 22:12:40 -0700
Processing by AppointmentsController#index as HTML
  Parameters: {"person_id"=>"1", "role"=>"doctor"}
  Rendering appointments/index.html.erb within layouts/application
  Rendered appointments/index.html.erb within layouts/application (0.8ms)
Completed 200 OK in 18ms (Views: 16.5ms | ActiveRecord: 0.0ms)


Started GET "/doctors/index" for 127.0.0.1 at 2018-06-05 22:25:00 -0700
Processing by DoctorsController#index as HTML
  Rendering doctors/index.html.erb within layouts/application
  Rendered doctors/index.html.erb within layouts/application (0.8ms)
Completed 200 OK in 19ms (Views: 17.4ms | ActiveRecord: 0.0ms)


Started GET "/appointments/index?person_id=1&role=doctor" for 127.0.0.1 at 2018-06-05 22:25:01 -0700
Processing by AppointmentsController#index as HTML
  Parameters: {"person_id"=>"1", "role"=>"doctor"}
  Rendering appointments/index.html.erb within layouts/application
  Rendered appointments/index.html.erb within layouts/application (1.1ms)
Completed 200 OK in 27ms (Views: 24.5ms | ActiveRecord: 0.0ms)


Started GET "/appointments/index?person_id=1&role=doctor" for 127.0.0.1 at 2018-06-05 22:25:30 -0700
Processing by AppointmentsController#index as HTML
  Parameters: {"person_id"=>"1", "role"=>"doctor"}
  Rendering appointments/index.html.erb within layouts/application
  Rendered appointments/index.html.erb within layouts/application (1.5ms)
Completed 200 OK in 17ms (Views: 15.4ms | ActiveRecord: 0.0ms)


Started GET "/appointments/index?person_id=1&role=doctor" for 127.0.0.1 at 2018-06-05 22:25:54 -0700
Processing by AppointmentsController#index as HTML
  Parameters: {"person_id"=>"1", "role"=>"doctor"}
  Rendering appointments/index.html.erb within layouts/application
  Rendered appointments/index.html.erb within layouts/application (0.9ms)
Completed 200 OK in 16ms (Views: 14.4ms | ActiveRecord: 0.0ms)


Started GET "/appointments/index?person_id=1&role=doctor" for 127.0.0.1 at 2018-06-05 22:26:08 -0700
Processing by AppointmentsController#index as HTML
  Parameters: {"person_id"=>"1", "role"=>"doctor"}
  Rendering appointments/index.html.erb within layouts/application
  Rendered appointments/index.html.erb within layouts/application (0.9ms)
Completed 200 OK in 16ms (Views: 14.6ms | ActiveRecord: 0.0ms)


Started GET "/appointments/index?person_id=1&role=doctor" for 127.0.0.1 at 2018-06-05 22:26:20 -0700
Processing by AppointmentsController#index as HTML
  Parameters: {"person_id"=>"1", "role"=>"doctor"}
  Rendering appointments/index.html.erb within layouts/application
  Rendered appointments/index.html.erb within layouts/application (0.9ms)
Completed 200 OK in 15ms (Views: 13.5ms | ActiveRecord: 0.0ms)


Started GET "/appointments/index?person_id=1&role=doctor" for 127.0.0.1 at 2018-06-05 22:26:36 -0700
Processing by AppointmentsController#index as HTML
  Parameters: {"person_id"=>"1", "role"=>"doctor"}
  Rendering appointments/index.html.erb within layouts/application
  Rendered appointments/index.html.erb within layouts/application (3.3ms)
Completed 500 Internal Server Error in 8ms (ActiveRecord: 0.0ms)


  
ActionView::Template::Error (undefined method `to_str' for 1:Integer
Did you mean?  to_s
               to_r):
    4:     <ul>
    5:       <%= @person_id %>
    6:       <% @all_persons.each do |person| %>
    7:         <% if (person[:id].to_str == @person_id) %>
    8:           <li style="font-size: 20px; background-color: dodgerblue;color: white;">
    9:             <%= link_to "#{person[:last_name].humanize}, #{person[:first_name].humanize}", appointments_index_path(role: @role, person_id: person[:id]) %>
   10:           </li>
  
app/views/appointments/index.html.erb:7:in `block in _app_views_appointments_index_html_erb__4435769144899492419_70189028085560'
app/views/appointments/index.html.erb:6:in `each'
app/views/appointments/index.html.erb:6:in `_app_views_appointments_index_html_erb__4435769144899492419_70189028085560'
Started GET "/appointments/index?person_id=1&role=doctor" for 127.0.0.1 at 2018-06-05 22:26:43 -0700
Processing by AppointmentsController#index as HTML
  Parameters: {"person_id"=>"1", "role"=>"doctor"}
  Rendering appointments/index.html.erb within layouts/application
  Rendered appointments/index.html.erb within layouts/application (0.9ms)
Completed 200 OK in 20ms (Views: 17.4ms | ActiveRecord: 0.0ms)


Started GET "/appointments/index?person_id=3&role=doctor" for 127.0.0.1 at 2018-06-05 22:26:57 -0700
Processing by AppointmentsController#index as HTML
  Parameters: {"person_id"=>"3", "role"=>"doctor"}
  Rendering appointments/index.html.erb within layouts/application
  Rendered appointments/index.html.erb within layouts/application (1.9ms)
Completed 200 OK in 23ms (Views: 21.6ms | ActiveRecord: 0.0ms)


Started GET "/appointments/index?person_id=1&role=doctor" for 127.0.0.1 at 2018-06-05 22:26:59 -0700
Processing by AppointmentsController#index as HTML
  Parameters: {"person_id"=>"1", "role"=>"doctor"}
  Rendering appointments/index.html.erb within layouts/application
  Rendered appointments/index.html.erb within layouts/application (1.5ms)
Completed 200 OK in 25ms (Views: 23.0ms | ActiveRecord: 0.0ms)


Started GET "/appointments/index?person_id=2&role=doctor" for 127.0.0.1 at 2018-06-05 22:27:00 -0700
Processing by AppointmentsController#index as HTML
  Parameters: {"person_id"=>"2", "role"=>"doctor"}
  Rendering appointments/index.html.erb within layouts/application
  Rendered appointments/index.html.erb within layouts/application (0.8ms)
Completed 200 OK in 17ms (Views: 15.2ms | ActiveRecord: 0.0ms)


Started GET "/appointments/index?person_id=1&role=doctor" for 127.0.0.1 at 2018-06-05 22:27:01 -0700
Processing by AppointmentsController#index as HTML
  Parameters: {"person_id"=>"1", "role"=>"doctor"}
  Rendering appointments/index.html.erb within layouts/application
  Rendered appointments/index.html.erb within layouts/application (1.3ms)
Completed 200 OK in 21ms (Views: 19.4ms | ActiveRecord: 0.0ms)


Started GET "/appointments/index?person_id=2&role=doctor" for 127.0.0.1 at 2018-06-05 22:27:01 -0700
Processing by AppointmentsController#index as HTML
  Parameters: {"person_id"=>"2", "role"=>"doctor"}
  Rendering appointments/index.html.erb within layouts/application
  Rendered appointments/index.html.erb within layouts/application (0.9ms)
Completed 200 OK in 17ms (Views: 15.4ms | ActiveRecord: 0.0ms)


Started GET "/appointments/index?person_id=3&role=doctor" for 127.0.0.1 at 2018-06-05 22:27:02 -0700
Processing by AppointmentsController#index as HTML
  Parameters: {"person_id"=>"3", "role"=>"doctor"}
  Rendering appointments/index.html.erb within layouts/application
  Rendered appointments/index.html.erb within layouts/application (1.5ms)
Completed 200 OK in 23ms (Views: 21.1ms | ActiveRecord: 0.0ms)


Started GET "/appointments/index?person_id=3&role=doctor" for 127.0.0.1 at 2018-06-05 22:30:02 -0700
Processing by AppointmentsController#index as HTML
  Parameters: {"person_id"=>"3", "role"=>"doctor"}
  Rendering appointments/index.html.erb within layouts/application
  Rendered appointments/index.html.erb within layouts/application (0.9ms)
Completed 200 OK in 23ms (Views: 21.0ms | ActiveRecord: 0.0ms)


Started GET "/appointments/index?person_id=1&role=doctor" for 127.0.0.1 at 2018-06-05 22:30:04 -0700
Processing by AppointmentsController#index as HTML
  Parameters: {"person_id"=>"1", "role"=>"doctor"}
  Rendering appointments/index.html.erb within layouts/application
  Rendered appointments/index.html.erb within layouts/application (1.0ms)
Completed 200 OK in 17ms (Views: 15.1ms | ActiveRecord: 0.0ms)


Started GET "/appointments/index?person_id=1&role=doctor" for 127.0.0.1 at 2018-06-05 22:30:05 -0700
Processing by AppointmentsController#index as HTML
  Parameters: {"person_id"=>"1", "role"=>"doctor"}
  Rendering appointments/index.html.erb within layouts/application
  Rendered appointments/index.html.erb within layouts/application (1.3ms)
Completed 200 OK in 20ms (Views: 18.3ms | ActiveRecord: 0.0ms)


Started GET "/appointments/index?person_id=1&role=doctor" for 127.0.0.1 at 2018-06-05 22:30:37 -0700
Processing by AppointmentsController#index as HTML
  Parameters: {"person_id"=>"1", "role"=>"doctor"}
  Rendering appointments/index.html.erb within layouts/application
  Rendered appointments/index.html.erb within layouts/application (0.9ms)
Completed 200 OK in 16ms (Views: 14.5ms | ActiveRecord: 0.0ms)


Started GET "/doctors/index" for 127.0.0.1 at 2018-06-05 22:30:42 -0700
Processing by DoctorsController#index as HTML
  Rendering doctors/index.html.erb within layouts/application
  Rendered doctors/index.html.erb within layouts/application (1.0ms)
Completed 200 OK in 19ms (Views: 17.4ms | ActiveRecord: 0.0ms)


Started GET "/appointments/index?person_id=1&role=doctor" for 127.0.0.1 at 2018-06-05 22:30:44 -0700
Processing by AppointmentsController#index as HTML
  Parameters: {"person_id"=>"1", "role"=>"doctor"}
  Rendering appointments/index.html.erb within layouts/application
  Rendered appointments/index.html.erb within layouts/application (1.2ms)
Completed 200 OK in 27ms (Views: 25.5ms | ActiveRecord: 0.0ms)


Started GET "/appointments/index?person_id=1&role=doctor" for 127.0.0.1 at 2018-06-05 22:31:41 -0700
Processing by AppointmentsController#index as HTML
  Parameters: {"person_id"=>"1", "role"=>"doctor"}
Completed 500 Internal Server Error in 1ms (ActiveRecord: 0.0ms)


  
NoMethodError (undefined method `pry' for #<Binding:0x007fac50615d60>
Did you mean?  try):
  
app/controllers/appointments_controller.rb:12:in `index'
Started GET "/appointments/index?person_id=1&role=doctor" for 127.0.0.1 at 2018-06-05 22:31:47 -0700
Processing by AppointmentsController#index as HTML
  Parameters: {"person_id"=>"1", "role"=>"doctor"}
  Rendering appointments/index.html.erb within layouts/application
  Rendered appointments/index.html.erb within layouts/application (1.0ms)
Completed 200 OK in 28ms (Views: 25.0ms | ActiveRecord: 0.0ms)


Started GET "/appointments/index?person_id=1&role=doctor" for 127.0.0.1 at 2018-06-05 22:32:36 -0700
Processing by AppointmentsController#index as HTML
  Parameters: {"person_id"=>"1", "role"=>"doctor"}
  Rendering appointments/index.html.erb within layouts/application
  Rendered appointments/index.html.erb within layouts/application (1.4ms)
Completed 200 OK in 32ms (Views: 29.2ms | ActiveRecord: 0.0ms)


Started GET "/appointments/index?person_id=2&role=doctor" for 127.0.0.1 at 2018-06-05 22:32:42 -0700
Processing by AppointmentsController#index as HTML
  Parameters: {"person_id"=>"2", "role"=>"doctor"}
  Rendering appointments/index.html.erb within layouts/application
  Rendered appointments/index.html.erb within layouts/application (3.2ms)
Completed 200 OK in 49ms (Views: 45.4ms | ActiveRecord: 0.0ms)


Started GET "/appointments/index?person_id=2&role=doctor" for 127.0.0.1 at 2018-06-05 22:32:42 -0700
Processing by AppointmentsController#index as HTML
  Parameters: {"person_id"=>"2", "role"=>"doctor"}
  Rendering appointments/index.html.erb within layouts/application
  Rendered appointments/index.html.erb within layouts/application (2.1ms)
Completed 200 OK in 30ms (Views: 27.8ms | ActiveRecord: 0.0ms)


Started GET "/appointments/index?person_id=3&role=doctor" for 127.0.0.1 at 2018-06-05 22:32:43 -0700
Processing by AppointmentsController#index as HTML
  Parameters: {"person_id"=>"3", "role"=>"doctor"}
  Rendering appointments/index.html.erb within layouts/application
  Rendered appointments/index.html.erb within layouts/application (1.1ms)
Completed 200 OK in 18ms (Views: 16.5ms | ActiveRecord: 0.0ms)


Started GET "/appointments/index?person_id=3&role=doctor" for 127.0.0.1 at 2018-06-05 22:32:51 -0700
Processing by AppointmentsController#index as HTML
  Parameters: {"person_id"=>"3", "role"=>"doctor"}
  Rendering appointments/index.html.erb within layouts/application
  Rendered appointments/index.html.erb within layouts/application (1.0ms)
Completed 200 OK in 18ms (Views: 15.8ms | ActiveRecord: 0.0ms)


Started GET "/appointments/index?person_id=3&role=doctor" for 127.0.0.1 at 2018-06-05 22:32:57 -0700
Processing by AppointmentsController#index as HTML
  Parameters: {"person_id"=>"3", "role"=>"doctor"}
  Rendering appointments/index.html.erb within layouts/application
  Rendered appointments/index.html.erb within layouts/application (1.1ms)
Completed 200 OK in 20ms (Views: 17.2ms | ActiveRecord: 0.0ms)


Started GET "/appointments/index?person_id=3&role=doctor" for 127.0.0.1 at 2018-06-05 22:33:05 -0700
Processing by AppointmentsController#index as HTML
  Parameters: {"person_id"=>"3", "role"=>"doctor"}
  Rendering appointments/index.html.erb within layouts/application
  Rendered appointments/index.html.erb within layouts/application (2.1ms)
Completed 200 OK in 23ms (Views: 21.9ms | ActiveRecord: 0.0ms)


Started GET "/appointments/index?person_id=2&role=doctor" for 127.0.0.1 at 2018-06-05 22:33:07 -0700
Processing by AppointmentsController#index as HTML
  Parameters: {"person_id"=>"2", "role"=>"doctor"}
  Rendering appointments/index.html.erb within layouts/application
  Rendered appointments/index.html.erb within layouts/application (1.4ms)
Completed 200 OK in 22ms (Views: 20.8ms | ActiveRecord: 0.0ms)


Started GET "/appointments/index?person_id=1&role=doctor" for 127.0.0.1 at 2018-06-05 22:33:07 -0700
Processing by AppointmentsController#index as HTML
  Parameters: {"person_id"=>"1", "role"=>"doctor"}
  Rendering appointments/index.html.erb within layouts/application
  Rendered appointments/index.html.erb within layouts/application (1.3ms)
Completed 200 OK in 23ms (Views: 20.5ms | ActiveRecord: 0.0ms)


Started GET "/appointments/index?person_id=2&role=doctor" for 127.0.0.1 at 2018-06-05 22:33:08 -0700
Processing by AppointmentsController#index as HTML
  Parameters: {"person_id"=>"2", "role"=>"doctor"}
  Rendering appointments/index.html.erb within layouts/application
  Rendered appointments/index.html.erb within layouts/application (1.5ms)
Completed 200 OK in 29ms (Views: 27.7ms | ActiveRecord: 0.0ms)


Started GET "/appointments/index?person_id=2&role=doctor" for 127.0.0.1 at 2018-06-05 22:33:26 -0700
Processing by AppointmentsController#index as HTML
  Parameters: {"person_id"=>"2", "role"=>"doctor"}
  Rendering appointments/index.html.erb within layouts/application
  Rendered appointments/index.html.erb within layouts/application (1.0ms)
Completed 200 OK in 18ms (Views: 16.0ms | ActiveRecord: 0.0ms)


Started GET "/appointments/index?person_id=1&role=doctor" for 127.0.0.1 at 2018-06-05 22:33:27 -0700
Processing by AppointmentsController#index as HTML
  Parameters: {"person_id"=>"1", "role"=>"doctor"}
  Rendering appointments/index.html.erb within layouts/application
  Rendered appointments/index.html.erb within layouts/application (1.0ms)
Completed 200 OK in 18ms (Views: 16.8ms | ActiveRecord: 0.0ms)


Started GET "/appointments/index?person_id=2&role=doctor" for 127.0.0.1 at 2018-06-05 22:33:28 -0700
Processing by AppointmentsController#index as HTML
  Parameters: {"person_id"=>"2", "role"=>"doctor"}
  Rendering appointments/index.html.erb within layouts/application
  Rendered appointments/index.html.erb within layouts/application (1.0ms)
Completed 200 OK in 20ms (Views: 18.8ms | ActiveRecord: 0.0ms)


Started GET "/appointments/index?person_id=3&role=doctor" for 127.0.0.1 at 2018-06-05 22:33:29 -0700
Processing by AppointmentsController#index as HTML
  Parameters: {"person_id"=>"3", "role"=>"doctor"}
  Rendering appointments/index.html.erb within layouts/application
  Rendered appointments/index.html.erb within layouts/application (1.0ms)
Completed 200 OK in 17ms (Views: 15.9ms | ActiveRecord: 0.0ms)


Started GET "/appointments/index?person_id=3&role=doctor" for 127.0.0.1 at 2018-06-05 22:33:56 -0700
Processing by AppointmentsController#index as HTML
  Parameters: {"person_id"=>"3", "role"=>"doctor"}
  Rendering appointments/index.html.erb within layouts/application
  Rendered appointments/index.html.erb within layouts/application (0.9ms)
Completed 200 OK in 18ms (Views: 16.1ms | ActiveRecord: 0.0ms)


Started GET "/appointments/index?person_id=3&role=doctor" for 127.0.0.1 at 2018-06-05 22:33:58 -0700
Processing by AppointmentsController#index as HTML
  Parameters: {"person_id"=>"3", "role"=>"doctor"}
  Rendering appointments/index.html.erb within layouts/application
  Rendered appointments/index.html.erb within layouts/application (1.3ms)
Completed 200 OK in 22ms (Views: 19.9ms | ActiveRecord: 0.0ms)


Started GET "/appointments/index?person_id=3&role=doctor" for 127.0.0.1 at 2018-06-05 22:35:07 -0700
Processing by AppointmentsController#index as HTML
  Parameters: {"person_id"=>"3", "role"=>"doctor"}
  Rendering appointments/index.html.erb within layouts/application
  Rendered appointments/index.html.erb within layouts/application (0.9ms)
Completed 200 OK in 20ms (Views: 18.3ms | ActiveRecord: 0.0ms)


Started GET "/appointments/index?person_id=2&role=doctor" for 127.0.0.1 at 2018-06-05 22:35:08 -0700
Processing by AppointmentsController#index as HTML
  Parameters: {"person_id"=>"2", "role"=>"doctor"}
  Rendering appointments/index.html.erb within layouts/application
  Rendered appointments/index.html.erb within layouts/application (2.3ms)
Completed 200 OK in 28ms (Views: 26.7ms | ActiveRecord: 0.0ms)


Started GET "/appointments/index?person_id=1&role=doctor" for 127.0.0.1 at 2018-06-05 22:35:09 -0700
Processing by AppointmentsController#index as HTML
  Parameters: {"person_id"=>"1", "role"=>"doctor"}
  Rendering appointments/index.html.erb within layouts/application
  Rendered appointments/index.html.erb within layouts/application (0.9ms)
Completed 200 OK in 18ms (Views: 15.7ms | ActiveRecord: 0.0ms)


Started GET "/appointments/index?person_id=2&role=doctor" for 127.0.0.1 at 2018-06-05 22:35:10 -0700
Processing by AppointmentsController#index as HTML
  Parameters: {"person_id"=>"2", "role"=>"doctor"}
  Rendering appointments/index.html.erb within layouts/application
  Rendered appointments/index.html.erb within layouts/application (1.6ms)
Completed 200 OK in 21ms (Views: 18.7ms | ActiveRecord: 0.0ms)


Started GET "/appointments/index?person_id=3&role=doctor" for 127.0.0.1 at 2018-06-05 22:35:10 -0700
Processing by AppointmentsController#index as HTML
  Parameters: {"person_id"=>"3", "role"=>"doctor"}
  Rendering appointments/index.html.erb within layouts/application
  Rendered appointments/index.html.erb within layouts/application (1.2ms)
Completed 200 OK in 19ms (Views: 17.5ms | ActiveRecord: 0.0ms)


Started GET "/appointments/index?person_id=3&role=doctor" for 127.0.0.1 at 2018-06-05 22:35:36 -0700
Processing by AppointmentsController#index as HTML
  Parameters: {"person_id"=>"3", "role"=>"doctor"}
  Rendering appointments/index.html.erb within layouts/application
  Rendered appointments/index.html.erb within layouts/application (1.0ms)
Completed 200 OK in 20ms (Views: 18.3ms | ActiveRecord: 0.0ms)


Started GET "/appointments/index?person_id=3&role=doctor" for 127.0.0.1 at 2018-06-05 22:36:27 -0700
Processing by AppointmentsController#index as HTML
  Parameters: {"person_id"=>"3", "role"=>"doctor"}
  Rendering appointments/index.html.erb within layouts/application
  Rendered appointments/index.html.erb within layouts/application (0.9ms)
Completed 200 OK in 21ms (Views: 18.8ms | ActiveRecord: 0.0ms)


Started GET "/appointments/index?person_id=2&role=doctor" for 127.0.0.1 at 2018-06-05 22:36:33 -0700
Processing by AppointmentsController#index as HTML
  Parameters: {"person_id"=>"2", "role"=>"doctor"}
  Rendering appointments/index.html.erb within layouts/application
  Rendered appointments/index.html.erb within layouts/application (1.1ms)
Completed 200 OK in 20ms (Views: 18.5ms | ActiveRecord: 0.0ms)


Started GET "/appointments/index?person_id=3&role=doctor" for 127.0.0.1 at 2018-06-05 22:36:34 -0700
Processing by AppointmentsController#index as HTML
  Parameters: {"person_id"=>"3", "role"=>"doctor"}
  Rendering appointments/index.html.erb within layouts/application
  Rendered appointments/index.html.erb within layouts/application (1.0ms)
Completed 200 OK in 25ms (Views: 22.9ms | ActiveRecord: 0.0ms)


Started GET "/appointments/index?person_id=3&role=doctor" for 127.0.0.1 at 2018-06-05 22:38:08 -0700
Processing by AppointmentsController#index as HTML
  Parameters: {"person_id"=>"3", "role"=>"doctor"}
  Rendering appointments/index.html.erb within layouts/application
  Rendered appointments/index.html.erb within layouts/application (0.9ms)
Completed 200 OK in 19ms (Views: 17.6ms | ActiveRecord: 0.0ms)


Started GET "/appointments/index?person_id=2&role=doctor" for 127.0.0.1 at 2018-06-05 22:38:10 -0700
Processing by AppointmentsController#index as HTML
  Parameters: {"person_id"=>"2", "role"=>"doctor"}
  Rendering appointments/index.html.erb within layouts/application
  Rendered appointments/index.html.erb within layouts/application (1.5ms)
Completed 200 OK in 21ms (Views: 19.1ms | ActiveRecord: 0.0ms)


Started GET "/appointments/index?person_id=2&role=doctor" for 127.0.0.1 at 2018-06-05 22:39:01 -0700
Processing by AppointmentsController#index as HTML
  Parameters: {"person_id"=>"2", "role"=>"doctor"}
  Rendering appointments/index.html.erb within layouts/application
  Rendered appointments/index.html.erb within layouts/application (1.0ms)
Completed 200 OK in 20ms (Views: 17.9ms | ActiveRecord: 0.0ms)


Started GET "/appointments/index?person_id=1&role=doctor" for 127.0.0.1 at 2018-06-05 22:39:05 -0700
Processing by AppointmentsController#index as HTML
  Parameters: {"person_id"=>"1", "role"=>"doctor"}
  Rendering appointments/index.html.erb within layouts/application
  Rendered appointments/index.html.erb within layouts/application (0.9ms)
Completed 200 OK in 18ms (Views: 16.2ms | ActiveRecord: 0.0ms)


Started GET "/appointments/index?person_id=2&role=doctor" for 127.0.0.1 at 2018-06-05 22:39:06 -0700
Processing by AppointmentsController#index as HTML
  Parameters: {"person_id"=>"2", "role"=>"doctor"}
  Rendering appointments/index.html.erb within layouts/application
  Rendered appointments/index.html.erb within layouts/application (1.7ms)
Completed 200 OK in 23ms (Views: 21.4ms | ActiveRecord: 0.0ms)


Started GET "/appointments/index?person_id=2&role=doctor" for 127.0.0.1 at 2018-06-05 22:39:28 -0700
Processing by AppointmentsController#index as HTML
  Parameters: {"person_id"=>"2", "role"=>"doctor"}
  Rendering appointments/index.html.erb within layouts/application
  Rendered appointments/index.html.erb within layouts/application (0.9ms)
Completed 200 OK in 18ms (Views: 16.4ms | ActiveRecord: 0.0ms)


Started GET "/appointments/index?person_id=2&role=doctor" for 127.0.0.1 at 2018-06-05 22:39:36 -0700
Processing by AppointmentsController#index as HTML
  Parameters: {"person_id"=>"2", "role"=>"doctor"}
  Rendering appointments/index.html.erb within layouts/application
  Rendered appointments/index.html.erb within layouts/application (0.9ms)
Completed 200 OK in 18ms (Views: 15.7ms | ActiveRecord: 0.0ms)


Started GET "/appointments/index?person_id=1&role=doctor" for 127.0.0.1 at 2018-06-05 22:39:38 -0700
Processing by AppointmentsController#index as HTML
  Parameters: {"person_id"=>"1", "role"=>"doctor"}
  Rendering appointments/index.html.erb within layouts/application
  Rendered appointments/index.html.erb within layouts/application (1.0ms)
Completed 200 OK in 25ms (Views: 23.6ms | ActiveRecord: 0.0ms)


Started GET "/appointments/index?person_id=2&role=doctor" for 127.0.0.1 at 2018-06-05 22:39:39 -0700
Processing by AppointmentsController#index as HTML
  Parameters: {"person_id"=>"2", "role"=>"doctor"}
  Rendering appointments/index.html.erb within layouts/application
  Rendered appointments/index.html.erb within layouts/application (1.0ms)
Completed 200 OK in 21ms (Views: 18.9ms | ActiveRecord: 0.0ms)


Started GET "/appointments/index?person_id=3&role=doctor" for 127.0.0.1 at 2018-06-05 22:39:39 -0700
Processing by AppointmentsController#index as HTML
  Parameters: {"person_id"=>"3", "role"=>"doctor"}
  Rendering appointments/index.html.erb within layouts/application
  Rendered appointments/index.html.erb within layouts/application (1.2ms)
Completed 200 OK in 19ms (Views: 17.0ms | ActiveRecord: 0.0ms)


Started GET "/appointments/index?person_id=2&role=doctor" for 127.0.0.1 at 2018-06-05 22:39:41 -0700
Processing by AppointmentsController#index as HTML
  Parameters: {"person_id"=>"2", "role"=>"doctor"}
  Rendering appointments/index.html.erb within layouts/application
  Rendered appointments/index.html.erb within layouts/application (1.7ms)
Completed 200 OK in 21ms (Views: 19.3ms | ActiveRecord: 0.0ms)


Started GET "/appointments/index?person_id=1&role=doctor" for 127.0.0.1 at 2018-06-05 22:39:42 -0700
Processing by AppointmentsController#index as HTML
  Parameters: {"person_id"=>"1", "role"=>"doctor"}
  Rendering appointments/index.html.erb within layouts/application
  Rendered appointments/index.html.erb within layouts/application (1.0ms)
Completed 200 OK in 18ms (Views: 16.0ms | ActiveRecord: 0.0ms)


Started GET "/appointments/index?person_id=2&role=doctor" for 127.0.0.1 at 2018-06-05 22:39:43 -0700
Processing by AppointmentsController#index as HTML
  Parameters: {"person_id"=>"2", "role"=>"doctor"}
  Rendering appointments/index.html.erb within layouts/application
  Rendered appointments/index.html.erb within layouts/application (1.4ms)
Completed 200 OK in 22ms (Views: 19.7ms | ActiveRecord: 0.0ms)


Started GET "/appointments/index?person_id=3&role=doctor" for 127.0.0.1 at 2018-06-05 22:39:44 -0700
Processing by AppointmentsController#index as HTML
  Parameters: {"person_id"=>"3", "role"=>"doctor"}
  Rendering appointments/index.html.erb within layouts/application
  Rendered appointments/index.html.erb within layouts/application (1.3ms)
Completed 200 OK in 23ms (Views: 21.2ms | ActiveRecord: 0.0ms)


Started GET "/appointments/index?person_id=3&role=doctor" for 127.0.0.1 at 2018-06-05 22:39:59 -0700
Processing by AppointmentsController#index as HTML
  Parameters: {"person_id"=>"3", "role"=>"doctor"}
  Rendering appointments/index.html.erb within layouts/application
  Rendered appointments/index.html.erb within layouts/application (1.1ms)
Completed 200 OK in 23ms (Views: 20.4ms | ActiveRecord: 0.0ms)


Started GET "/appointments/index?person_id=1&role=doctor" for 127.0.0.1 at 2018-06-05 22:40:01 -0700
Processing by AppointmentsController#index as HTML
  Parameters: {"person_id"=>"1", "role"=>"doctor"}
  Rendering appointments/index.html.erb within layouts/application
  Rendered appointments/index.html.erb within layouts/application (1.3ms)
Completed 200 OK in 21ms (Views: 19.8ms | ActiveRecord: 0.0ms)


Started GET "/appointments/index?person_id=2&role=doctor" for 127.0.0.1 at 2018-06-05 22:40:02 -0700
Processing by AppointmentsController#index as HTML
  Parameters: {"person_id"=>"2", "role"=>"doctor"}
  Rendering appointments/index.html.erb within layouts/application
  Rendered appointments/index.html.erb within layouts/application (1.0ms)
Completed 200 OK in 18ms (Views: 16.0ms | ActiveRecord: 0.0ms)


Started GET "/appointments/index?person_id=2&role=doctor" for 127.0.0.1 at 2018-06-05 22:41:01 -0700
Processing by AppointmentsController#index as HTML
  Parameters: {"person_id"=>"2", "role"=>"doctor"}
  Rendering appointments/index.html.erb within layouts/application
  Rendered appointments/index.html.erb within layouts/application (1.1ms)
Completed 200 OK in 19ms (Views: 17.4ms | ActiveRecord: 0.0ms)


Started GET "/appointments/index?person_id=2&role=doctor" for 127.0.0.1 at 2018-06-05 22:41:51 -0700
Processing by AppointmentsController#index as HTML
  Parameters: {"person_id"=>"2", "role"=>"doctor"}
  Rendering appointments/index.html.erb within layouts/application
  Rendered appointments/index.html.erb within layouts/application (0.9ms)
Completed 200 OK in 18ms (Views: 15.7ms | ActiveRecord: 0.0ms)


Started GET "/appointments/index?person_id=1&role=doctor" for 127.0.0.1 at 2018-06-05 22:41:54 -0700
Processing by AppointmentsController#index as HTML
  Parameters: {"person_id"=>"1", "role"=>"doctor"}
  Rendering appointments/index.html.erb within layouts/application
  Rendered appointments/index.html.erb within layouts/application (1.4ms)
Completed 200 OK in 20ms (Views: 18.3ms | ActiveRecord: 0.0ms)


Started GET "/appointments/index?person_id=3&role=doctor" for 127.0.0.1 at 2018-06-05 22:41:54 -0700
Processing by AppointmentsController#index as HTML
  Parameters: {"person_id"=>"3", "role"=>"doctor"}
  Rendering appointments/index.html.erb within layouts/application
  Rendered appointments/index.html.erb within layouts/application (1.7ms)
Completed 200 OK in 20ms (Views: 18.0ms | ActiveRecord: 0.0ms)


Started GET "/appointments/index?person_id=3&role=doctor" for 127.0.0.1 at 2018-06-05 22:42:16 -0700
Processing by AppointmentsController#index as HTML
  Parameters: {"person_id"=>"3", "role"=>"doctor"}
  Rendering appointments/index.html.erb within layouts/application
  Rendered appointments/index.html.erb within layouts/application (1.1ms)
Completed 200 OK in 39ms (Views: 37.3ms | ActiveRecord: 0.0ms)


Started GET "/appointments/index?person_id=2&role=doctor" for 127.0.0.1 at 2018-06-05 22:42:19 -0700
Processing by AppointmentsController#index as HTML
  Parameters: {"person_id"=>"2", "role"=>"doctor"}
  Rendering appointments/index.html.erb within layouts/application
  Rendered appointments/index.html.erb within layouts/application (1.3ms)
Completed 200 OK in 19ms (Views: 17.6ms | ActiveRecord: 0.0ms)


Started GET "/appointments/index?person_id=1&role=doctor" for 127.0.0.1 at 2018-06-05 22:42:20 -0700
Processing by AppointmentsController#index as HTML
  Parameters: {"person_id"=>"1", "role"=>"doctor"}
  Rendering appointments/index.html.erb within layouts/application
  Rendered appointments/index.html.erb within layouts/application (0.9ms)
Completed 200 OK in 18ms (Views: 16.0ms | ActiveRecord: 0.0ms)


Started GET "/appointments/index?person_id=3&role=doctor" for 127.0.0.1 at 2018-06-05 22:42:21 -0700
Processing by AppointmentsController#index as HTML
  Parameters: {"person_id"=>"3", "role"=>"doctor"}
  Rendering appointments/index.html.erb within layouts/application
  Rendered appointments/index.html.erb within layouts/application (1.8ms)
Completed 200 OK in 21ms (Views: 19.1ms | ActiveRecord: 0.0ms)


Started GET "/appointments/index?person_id=2&role=doctor" for 127.0.0.1 at 2018-06-05 22:42:22 -0700
Processing by AppointmentsController#index as HTML
  Parameters: {"person_id"=>"2", "role"=>"doctor"}
  Rendering appointments/index.html.erb within layouts/application
  Rendered appointments/index.html.erb within layouts/application (1.0ms)
Completed 200 OK in 19ms (Views: 17.1ms | ActiveRecord: 0.0ms)


Started GET "/appointments/index?person_id=1&role=doctor" for 127.0.0.1 at 2018-06-05 22:42:23 -0700
Processing by AppointmentsController#index as HTML
  Parameters: {"person_id"=>"1", "role"=>"doctor"}
  Rendering appointments/index.html.erb within layouts/application
  Rendered appointments/index.html.erb within layouts/application (1.4ms)
Completed 200 OK in 20ms (Views: 18.5ms | ActiveRecord: 0.0ms)


Started GET "/appointments/index?person_id=2&role=doctor" for 127.0.0.1 at 2018-06-05 22:42:24 -0700
Processing by AppointmentsController#index as HTML
  Parameters: {"person_id"=>"2", "role"=>"doctor"}
  Rendering appointments/index.html.erb within layouts/application
  Rendered appointments/index.html.erb within layouts/application (1.0ms)
Completed 200 OK in 21ms (Views: 19.2ms | ActiveRecord: 0.0ms)


Started GET "/appointments/index?person_id=3&role=doctor" for 127.0.0.1 at 2018-06-05 22:42:24 -0700
Processing by AppointmentsController#index as HTML
  Parameters: {"person_id"=>"3", "role"=>"doctor"}
  Rendering appointments/index.html.erb within layouts/application
  Rendered appointments/index.html.erb within layouts/application (1.7ms)
Completed 200 OK in 25ms (Views: 23.4ms | ActiveRecord: 0.0ms)


Started GET "/appointments/index?person_id=3&role=doctor" for 127.0.0.1 at 2018-06-05 22:44:40 -0700
  
SyntaxError (/Users/sgupta/dev/skeleton-rails-project/app/controllers/appointments_controller.rb:7: syntax error, unexpected tIDENTIFIER, expecting '}'
ena', last_name: 'Gupta' email: "serena@behealthy.com"},
                              ^
/Users/sgupta/dev/skeleton-rails-project/app/controllers/appointments_controller.rb:7: syntax error, unexpected '}', expecting keyword_end
email: "serena@behealthy.com"},
                              ^
/Users/sgupta/dev/skeleton-rails-project/app/controllers/appointments_controller.rb:8: syntax error, unexpected ',', expecting keyword_end
 email: "andy@behealthy.com"},
                              ^
/Users/sgupta/dev/skeleton-rails-project/app/controllers/appointments_controller.rb:10: syntax error, unexpected ']', expecting keyword_end
    ]
     ^):
  
app/controllers/appointments_controller.rb:7: syntax error, unexpected tIDENTIFIER, expecting '}'
app/controllers/appointments_controller.rb:7: syntax error, unexpected '}', expecting keyword_end
app/controllers/appointments_controller.rb:8: syntax error, unexpected ',', expecting keyword_end
app/controllers/appointments_controller.rb:10: syntax error, unexpected ']', expecting keyword_end
Started GET "/appointments/index?person_id=3&role=doctor" for 127.0.0.1 at 2018-06-05 22:45:24 -0700
Processing by AppointmentsController#index as HTML
  Parameters: {"person_id"=>"3", "role"=>"doctor"}
  Rendering appointments/index.html.erb within layouts/application
  Rendered appointments/index.html.erb within layouts/application (177.0ms)
Completed 500 Internal Server Error in 183ms (ActiveRecord: 0.0ms)


  
ActionView::Template::Error (undefined local variable or method `person' for #<#<Class:0x007fac4a8ffdb0>:0x007fac4b800440>
Did you mean?  @person):
    17:     </ul>
    18:   </div>
    19:   <div class="column">
    20:     <h1><%= "Dr. #{person[:first_name].humanize} #{person[:last_name].humanize}" %></h1>
    21:     <h3><%= "#{person[:email]}" %></h1>
    22:     <ul>
    23:       <% @appointments.each do |appointment| %>
  
app/views/appointments/index.html.erb:20:in `_app_views_appointments_index_html_erb__4435769144899492419_70188981644880'
Started GET "/appointments/index?person_id=3&role=doctor" for 127.0.0.1 at 2018-06-05 22:45:44 -0700
Processing by AppointmentsController#index as HTML
  Parameters: {"person_id"=>"3", "role"=>"doctor"}
  Rendering appointments/index.html.erb within layouts/application
  Rendered appointments/index.html.erb within layouts/application (1.0ms)
Completed 200 OK in 19ms (Views: 17.1ms | ActiveRecord: 0.0ms)


Started GET "/appointments/index?person_id=3&role=doctor" for 127.0.0.1 at 2018-06-05 22:46:30 -0700
Processing by AppointmentsController#index as HTML
  Parameters: {"person_id"=>"3", "role"=>"doctor"}
  Rendering appointments/index.html.erb within layouts/application
  Rendered appointments/index.html.erb within layouts/application (1.3ms)
Completed 200 OK in 32ms (Views: 29.7ms | ActiveRecord: 0.0ms)


Started GET "/appointments/index?person_id=3&role=doctor" for 127.0.0.1 at 2018-06-05 22:48:01 -0700
Processing by AppointmentsController#index as HTML
  Parameters: {"person_id"=>"3", "role"=>"doctor"}
  Rendering appointments/index.html.erb within layouts/application
  Rendered appointments/index.html.erb within layouts/application (3.8ms)
Completed 200 OK in 24ms (Views: 21.5ms | ActiveRecord: 0.0ms)


Started GET "/appointments/index?person_id=2&role=doctor" for 127.0.0.1 at 2018-06-05 22:48:06 -0700
Processing by AppointmentsController#index as HTML
  Parameters: {"person_id"=>"2", "role"=>"doctor"}
  Rendering appointments/index.html.erb within layouts/application
  Rendered appointments/index.html.erb within layouts/application (1.2ms)
Completed 200 OK in 26ms (Views: 24.3ms | ActiveRecord: 0.0ms)


Started GET "/appointments/index?person_id=1&role=doctor" for 127.0.0.1 at 2018-06-05 22:48:07 -0700
Processing by AppointmentsController#index as HTML
  Parameters: {"person_id"=>"1", "role"=>"doctor"}
  Rendering appointments/index.html.erb within layouts/application
  Rendered appointments/index.html.erb within layouts/application (1.7ms)
Completed 200 OK in 38ms (Views: 36.6ms | ActiveRecord: 0.0ms)


Started GET "/appointments/index?person_id=1&role=doctor" for 127.0.0.1 at 2018-06-05 22:48:35 -0700
Processing by AppointmentsController#index as HTML
  Parameters: {"person_id"=>"1", "role"=>"doctor"}
  Rendering appointments/index.html.erb within layouts/application
  Rendered appointments/index.html.erb within layouts/application (1.2ms)
Completed 200 OK in 32ms (Views: 30.1ms | ActiveRecord: 0.0ms)


Started GET "/appointments/index?person_id=1&role=doctor" for 127.0.0.1 at 2018-06-05 22:48:45 -0700
Processing by AppointmentsController#index as HTML
  Parameters: {"person_id"=>"1", "role"=>"doctor"}
  Rendering appointments/index.html.erb within layouts/application
  Rendered appointments/index.html.erb within layouts/application (1.3ms)
Completed 200 OK in 21ms (Views: 19.4ms | ActiveRecord: 0.0ms)


Started GET "/appointments/index?person_id=1&role=doctor" for 127.0.0.1 at 2018-06-05 22:49:12 -0700
Processing by AppointmentsController#index as HTML
  Parameters: {"person_id"=>"1", "role"=>"doctor"}
  Rendering appointments/index.html.erb within layouts/application
  Rendered appointments/index.html.erb within layouts/application (1.6ms)
Completed 200 OK in 17ms (Views: 15.0ms | ActiveRecord: 0.0ms)


Started GET "/appointments/index?person_id=1&role=doctor" for 127.0.0.1 at 2018-06-05 22:49:15 -0700
Processing by AppointmentsController#index as HTML
  Parameters: {"person_id"=>"1", "role"=>"doctor"}
  Rendering appointments/index.html.erb within layouts/application
  Rendered appointments/index.html.erb within layouts/application (1.5ms)
Completed 200 OK in 21ms (Views: 19.5ms | ActiveRecord: 0.0ms)


Started GET "/appointments/index?person_id=2&role=doctor" for 127.0.0.1 at 2018-06-05 22:49:16 -0700
Processing by AppointmentsController#index as HTML
  Parameters: {"person_id"=>"2", "role"=>"doctor"}
  Rendering appointments/index.html.erb within layouts/application
  Rendered appointments/index.html.erb within layouts/application (1.0ms)
Completed 200 OK in 20ms (Views: 18.8ms | ActiveRecord: 0.0ms)


Started GET "/appointments/index?person_id=3&role=doctor" for 127.0.0.1 at 2018-06-05 22:49:17 -0700
Processing by AppointmentsController#index as HTML
  Parameters: {"person_id"=>"3", "role"=>"doctor"}
  Rendering appointments/index.html.erb within layouts/application
  Rendered appointments/index.html.erb within layouts/application (1.2ms)
Completed 200 OK in 23ms (Views: 21.2ms | ActiveRecord: 0.0ms)


Started GET "/appointments/index?person_id=1&role=doctor" for 127.0.0.1 at 2018-06-05 22:49:19 -0700
Processing by AppointmentsController#index as HTML
  Parameters: {"person_id"=>"1", "role"=>"doctor"}
  Rendering appointments/index.html.erb within layouts/application
  Rendered appointments/index.html.erb within layouts/application (5.3ms)
Completed 200 OK in 25ms (Views: 22.8ms | ActiveRecord: 0.0ms)


Started GET "/appointments/index?person_id=2&role=doctor" for 127.0.0.1 at 2018-06-05 22:49:24 -0700
Processing by AppointmentsController#index as HTML
  Parameters: {"person_id"=>"2", "role"=>"doctor"}
  Rendering appointments/index.html.erb within layouts/application
  Rendered appointments/index.html.erb within layouts/application (1.9ms)
Completed 200 OK in 20ms (Views: 18.4ms | ActiveRecord: 0.0ms)


Started GET "/appointments/index?person_id=3&role=doctor" for 127.0.0.1 at 2018-06-05 22:49:25 -0700
Processing by AppointmentsController#index as HTML
  Parameters: {"person_id"=>"3", "role"=>"doctor"}
  Rendering appointments/index.html.erb within layouts/application
  Rendered appointments/index.html.erb within layouts/application (1.0ms)
Completed 200 OK in 18ms (Views: 16.3ms | ActiveRecord: 0.0ms)


Started GET "/appointments/index?person_id=3&role=doctor" for 127.0.0.1 at 2018-06-05 22:49:57 -0700
Processing by AppointmentsController#index as HTML
  Parameters: {"person_id"=>"3", "role"=>"doctor"}
  Rendering appointments/index.html.erb within layouts/application
  Rendered appointments/index.html.erb within layouts/application (2.0ms)
Completed 200 OK in 19ms (Views: 16.6ms | ActiveRecord: 0.0ms)


Started GET "/appointments/index?person_id=3&role=doctor" for 127.0.0.1 at 2018-06-05 22:50:03 -0700
Processing by AppointmentsController#index as HTML
  Parameters: {"person_id"=>"3", "role"=>"doctor"}
  Rendering appointments/index.html.erb within layouts/application
  Rendered appointments/index.html.erb within layouts/application (1.0ms)
Completed 200 OK in 17ms (Views: 15.1ms | ActiveRecord: 0.0ms)


Started GET "/appointments/index?person_id=3&role=doctor" for 127.0.0.1 at 2018-06-05 22:50:11 -0700
Processing by AppointmentsController#index as HTML
  Parameters: {"person_id"=>"3", "role"=>"doctor"}
  Rendering appointments/index.html.erb within layouts/application
  Rendered appointments/index.html.erb within layouts/application (1.2ms)
Completed 200 OK in 19ms (Views: 17.4ms | ActiveRecord: 0.0ms)


Started GET "/appointments/index?person_id=3&role=doctor" for 127.0.0.1 at 2018-06-05 22:50:43 -0700
Processing by AppointmentsController#index as HTML
  Parameters: {"person_id"=>"3", "role"=>"doctor"}
  Rendering appointments/index.html.erb within layouts/application
  Rendered appointments/index.html.erb within layouts/application (1.1ms)
Completed 200 OK in 23ms (Views: 21.2ms | ActiveRecord: 0.0ms)


Started GET "/appointments/index?person_id=3&role=doctor" for 127.0.0.1 at 2018-06-05 22:51:15 -0700
Processing by AppointmentsController#index as HTML
  Parameters: {"person_id"=>"3", "role"=>"doctor"}
  Rendering appointments/index.html.erb within layouts/application
  Rendered appointments/index.html.erb within layouts/application (1.1ms)
Completed 200 OK in 28ms (Views: 26.5ms | ActiveRecord: 0.0ms)


Started GET "/appointments/index?person_id=3&role=doctor" for 127.0.0.1 at 2018-06-05 22:51:52 -0700
Processing by AppointmentsController#index as HTML
  Parameters: {"person_id"=>"3", "role"=>"doctor"}
  Rendering appointments/index.html.erb within layouts/application
  Rendered appointments/index.html.erb within layouts/application (1.1ms)
Completed 200 OK in 18ms (Views: 16.4ms | ActiveRecord: 0.0ms)


Started GET "/appointments/index?person_id=3&role=doctor" for 127.0.0.1 at 2018-06-05 22:52:42 -0700
Processing by AppointmentsController#index as HTML
  Parameters: {"person_id"=>"3", "role"=>"doctor"}
  Rendering appointments/index.html.erb within layouts/application
  Rendered appointments/index.html.erb within layouts/application (1.0ms)
Completed 200 OK in 17ms (Views: 15.2ms | ActiveRecord: 0.0ms)


Started GET "/appointments/index?person_id=3&role=doctor" for 127.0.0.1 at 2018-06-05 22:52:54 -0700
Processing by AppointmentsController#index as HTML
  Parameters: {"person_id"=>"3", "role"=>"doctor"}
  Rendering appointments/index.html.erb within layouts/application
  Rendered appointments/index.html.erb within layouts/application (1.4ms)
Completed 200 OK in 17ms (Views: 14.7ms | ActiveRecord: 0.0ms)


Started GET "/appointments/index?person_id=3&role=doctor" for 127.0.0.1 at 2018-06-05 22:53:25 -0700
Processing by AppointmentsController#index as HTML
  Parameters: {"person_id"=>"3", "role"=>"doctor"}
  Rendering appointments/index.html.erb within layouts/application
  Rendered appointments/index.html.erb within layouts/application (1.0ms)
Completed 200 OK in 17ms (Views: 14.9ms | ActiveRecord: 0.0ms)


Started GET "/appointments/index?person_id=3&role=doctor" for 127.0.0.1 at 2018-06-05 22:53:38 -0700
Processing by AppointmentsController#index as HTML
  Parameters: {"person_id"=>"3", "role"=>"doctor"}
  Rendering appointments/index.html.erb within layouts/application
  Rendered appointments/index.html.erb within layouts/application (1.1ms)
Completed 200 OK in 19ms (Views: 16.3ms | ActiveRecord: 0.0ms)


Started GET "/appointments/index?person_id=3&role=doctor" for 127.0.0.1 at 2018-06-05 22:54:01 -0700
Processing by AppointmentsController#index as HTML
  Parameters: {"person_id"=>"3", "role"=>"doctor"}
  Rendering appointments/index.html.erb within layouts/application
  Rendered appointments/index.html.erb within layouts/application (1.0ms)
Completed 200 OK in 20ms (Views: 18.2ms | ActiveRecord: 0.0ms)


Started GET "/appointments/index?person_id=2&role=doctor" for 127.0.0.1 at 2018-06-05 22:54:11 -0700
Processing by AppointmentsController#index as HTML
  Parameters: {"person_id"=>"2", "role"=>"doctor"}
  Rendering appointments/index.html.erb within layouts/application
  Rendered appointments/index.html.erb within layouts/application (2.1ms)
Completed 200 OK in 27ms (Views: 25.8ms | ActiveRecord: 0.0ms)


Started GET "/appointments/index?person_id=1&role=doctor" for 127.0.0.1 at 2018-06-05 22:54:13 -0700
Processing by AppointmentsController#index as HTML
  Parameters: {"person_id"=>"1", "role"=>"doctor"}
  Rendering appointments/index.html.erb within layouts/application
  Rendered appointments/index.html.erb within layouts/application (1.2ms)
Completed 200 OK in 18ms (Views: 16.8ms | ActiveRecord: 0.0ms)


Started GET "/appointments/index?person_id=2&role=doctor" for 127.0.0.1 at 2018-06-05 22:54:14 -0700
Processing by AppointmentsController#index as HTML
  Parameters: {"person_id"=>"2", "role"=>"doctor"}
  Rendering appointments/index.html.erb within layouts/application
  Rendered appointments/index.html.erb within layouts/application (1.7ms)
Completed 200 OK in 20ms (Views: 18.7ms | ActiveRecord: 0.0ms)


Started GET "/appointments/index?person_id=2&role=doctor" for 127.0.0.1 at 2018-06-05 22:54:38 -0700
Processing by AppointmentsController#index as HTML
  Parameters: {"person_id"=>"2", "role"=>"doctor"}
  Rendering appointments/index.html.erb within layouts/application
  Rendered appointments/index.html.erb within layouts/application (1.1ms)
Completed 200 OK in 17ms (Views: 14.7ms | ActiveRecord: 0.0ms)


Started GET "/appointments/index?person_id=1&role=doctor" for 127.0.0.1 at 2018-06-05 22:54:40 -0700
Processing by AppointmentsController#index as HTML
  Parameters: {"person_id"=>"1", "role"=>"doctor"}
  Rendering appointments/index.html.erb within layouts/application
  Rendered appointments/index.html.erb within layouts/application (1.6ms)
Completed 200 OK in 19ms (Views: 17.0ms | ActiveRecord: 0.0ms)


Started GET "/appointments/index?person_id=2&role=doctor" for 127.0.0.1 at 2018-06-05 22:54:41 -0700
Processing by AppointmentsController#index as HTML
  Parameters: {"person_id"=>"2", "role"=>"doctor"}
  Rendering appointments/index.html.erb within layouts/application
  Rendered appointments/index.html.erb within layouts/application (1.1ms)
Completed 200 OK in 20ms (Views: 18.3ms | ActiveRecord: 0.0ms)


Started GET "/appointments/index?person_id=3&role=doctor" for 127.0.0.1 at 2018-06-05 22:54:42 -0700
Processing by AppointmentsController#index as HTML
  Parameters: {"person_id"=>"3", "role"=>"doctor"}
  Rendering appointments/index.html.erb within layouts/application
  Rendered appointments/index.html.erb within layouts/application (1.1ms)
Completed 200 OK in 18ms (Views: 16.5ms | ActiveRecord: 0.0ms)


Started GET "/appointments/index?person_id=2&role=doctor" for 127.0.0.1 at 2018-06-05 22:57:10 -0700
Processing by AppointmentsController#index as HTML
  Parameters: {"person_id"=>"2", "role"=>"doctor"}
  Rendering appointments/index.html.erb within layouts/application
  Rendered appointments/index.html.erb within layouts/application (182.4ms)
Completed 500 Internal Server Error in 187ms (ActiveRecord: 0.0ms)


  
ActionView::Template::Error (undefined local variable or method `book' for #<#<Class:0x007fac49835250>:0x007fac4a84cf08>):
    33:         <% @appointments.each do |appointment| %>
    34:           <li><%= appointment[:id] %> </li>
    35:           <tr>
    36:             <td><%= book.title %></td>
    37:             <td><%= book.content %></td>
    38:             <td><%= link_to "Show", book %></td>
    39:             <td><%= link_to "Edit", edit_book_path(book) %></td>
  
app/views/appointments/index.html.erb:36:in `block in _app_views_appointments_index_html_erb__4435769144899492419_70188980729020'
app/views/appointments/index.html.erb:33:in `each'
app/views/appointments/index.html.erb:33:in `_app_views_appointments_index_html_erb__4435769144899492419_70188980729020'
Started GET "/appointments/index?person_id=3&role=doctor" for 127.0.0.1 at 2018-06-05 22:57:12 -0700
Processing by AppointmentsController#index as HTML
  Parameters: {"person_id"=>"3", "role"=>"doctor"}
  Rendering appointments/index.html.erb within layouts/application
  Rendered appointments/index.html.erb within layouts/application (224.3ms)
Completed 500 Internal Server Error in 229ms (ActiveRecord: 0.0ms)


  
ActionView::Template::Error (undefined local variable or method `book' for #<#<Class:0x007fac49835250>:0x007fac4af490e0>):
    33:         <% @appointments.each do |appointment| %>
    34:           <li><%= appointment[:id] %> </li>
    35:           <tr>
    36:             <td><%= book.title %></td>
    37:             <td><%= book.content %></td>
    38:             <td><%= link_to "Show", book %></td>
    39:             <td><%= link_to "Edit", edit_book_path(book) %></td>
  
app/views/appointments/index.html.erb:36:in `block in _app_views_appointments_index_html_erb__4435769144899492419_70188984323660'
app/views/appointments/index.html.erb:33:in `each'
app/views/appointments/index.html.erb:33:in `_app_views_appointments_index_html_erb__4435769144899492419_70188984323660'
Started GET "/appointments/index?person_id=3&role=doctor" for 127.0.0.1 at 2018-06-05 23:00:45 -0700
Processing by AppointmentsController#index as HTML
  Parameters: {"person_id"=>"3", "role"=>"doctor"}
  Rendering appointments/index.html.erb within layouts/application
  Rendered appointments/index.html.erb within layouts/application (1.3ms)
Completed 200 OK in 16ms (Views: 14.8ms | ActiveRecord: 0.0ms)


Started GET "/appointments/index?person_id=3&role=doctor" for 127.0.0.1 at 2018-06-05 23:00:58 -0700
Processing by AppointmentsController#index as HTML
  Parameters: {"person_id"=>"3", "role"=>"doctor"}
  Rendering appointments/index.html.erb within layouts/application
  Rendered appointments/index.html.erb within layouts/application (1.2ms)
Completed 200 OK in 19ms (Views: 16.1ms | ActiveRecord: 0.0ms)


Started GET "/appointments/index?person_id=3&role=doctor" for 127.0.0.1 at 2018-06-05 23:02:52 -0700
Processing by AppointmentsController#index as HTML
  Parameters: {"person_id"=>"3", "role"=>"doctor"}
  Rendering appointments/index.html.erb within layouts/application
  Rendered appointments/index.html.erb within layouts/application (2.2ms)
Completed 200 OK in 31ms (Views: 27.3ms | ActiveRecord: 0.0ms)


Started GET "/appointments/index?person_id=3&role=doctor" for 127.0.0.1 at 2018-06-05 23:05:05 -0700
Processing by AppointmentsController#index as HTML
  Parameters: {"person_id"=>"3", "role"=>"doctor"}
  Rendering appointments/index.html.erb within layouts/application
  Rendered appointments/index.html.erb within layouts/application (1.1ms)
Completed 200 OK in 16ms (Views: 13.8ms | ActiveRecord: 0.0ms)


Started GET "/appointments/index?person_id=3&role=doctor" for 127.0.0.1 at 2018-06-05 23:06:21 -0700
Processing by AppointmentsController#index as HTML
  Parameters: {"person_id"=>"3", "role"=>"doctor"}
  Rendering appointments/index.html.erb within layouts/application
  Rendered appointments/index.html.erb within layouts/application (3.3ms)
Completed 200 OK in 34ms (Views: 30.7ms | ActiveRecord: 0.0ms)


Started GET "/appointments/index?person_id=3&role=doctor" for 127.0.0.1 at 2018-06-05 23:07:01 -0700
Processing by AppointmentsController#index as HTML
  Parameters: {"person_id"=>"3", "role"=>"doctor"}
  Rendering appointments/index.html.erb within layouts/application
  Rendered appointments/index.html.erb within layouts/application (1.1ms)
Completed 200 OK in 23ms (Views: 20.7ms | ActiveRecord: 0.0ms)


Started GET "/appointments/index?person_id=3&role=doctor" for 127.0.0.1 at 2018-06-05 23:07:09 -0700
Processing by AppointmentsController#index as HTML
  Parameters: {"person_id"=>"3", "role"=>"doctor"}
  Rendering appointments/index.html.erb within layouts/application
  Rendered appointments/index.html.erb within layouts/application (2.5ms)
Completed 200 OK in 19ms (Views: 17.4ms | ActiveRecord: 0.0ms)


Started GET "/appointments/index?person_id=3&role=doctor" for 127.0.0.1 at 2018-06-05 23:07:50 -0700
Processing by AppointmentsController#index as HTML
  Parameters: {"person_id"=>"3", "role"=>"doctor"}
  Rendering appointments/index.html.erb within layouts/application
  Rendered appointments/index.html.erb within layouts/application (1.4ms)
Completed 200 OK in 38ms (Views: 36.6ms | ActiveRecord: 0.0ms)


Started GET "/appointments/index?person_id=3&role=doctor" for 127.0.0.1 at 2018-06-05 23:07:51 -0700
Processing by AppointmentsController#index as HTML
  Parameters: {"person_id"=>"3", "role"=>"doctor"}
  Rendering appointments/index.html.erb within layouts/application
  Rendered appointments/index.html.erb within layouts/application (1.2ms)
Completed 200 OK in 16ms (Views: 14.8ms | ActiveRecord: 0.0ms)


Started GET "/appointments/index?person_id=3&role=doctor" for 127.0.0.1 at 2018-06-05 23:08:14 -0700
Processing by AppointmentsController#index as HTML
  Parameters: {"person_id"=>"3", "role"=>"doctor"}
  Rendering appointments/index.html.erb within layouts/application
  Rendered appointments/index.html.erb within layouts/application (2.4ms)
Completed 200 OK in 54ms (Views: 50.5ms | ActiveRecord: 0.0ms)


Started GET "/appointments/index?person_id=3&role=doctor" for 127.0.0.1 at 2018-06-05 23:08:57 -0700
Processing by AppointmentsController#index as HTML
  Parameters: {"person_id"=>"3", "role"=>"doctor"}
  Rendering appointments/index.html.erb within layouts/application
  Rendered appointments/index.html.erb within layouts/application (1.1ms)
Completed 200 OK in 32ms (Views: 30.2ms | ActiveRecord: 0.0ms)


Started GET "/appointments/index?person_id=3&role=doctor" for 127.0.0.1 at 2018-06-05 23:09:12 -0700
Processing by AppointmentsController#index as HTML
  Parameters: {"person_id"=>"3", "role"=>"doctor"}
  Rendering appointments/index.html.erb within layouts/application
  Rendered appointments/index.html.erb within layouts/application (1.2ms)
Completed 200 OK in 19ms (Views: 17.5ms | ActiveRecord: 0.0ms)


Started GET "/appointments/index?person_id=1&role=doctor" for 127.0.0.1 at 2018-06-05 23:09:22 -0700
Processing by AppointmentsController#index as HTML
  Parameters: {"person_id"=>"1", "role"=>"doctor"}
  Rendering appointments/index.html.erb within layouts/application
  Rendered appointments/index.html.erb within layouts/application (1.9ms)
Completed 200 OK in 21ms (Views: 19.8ms | ActiveRecord: 0.0ms)


Started GET "/appointments/index?person_id=2&role=doctor" for 127.0.0.1 at 2018-06-05 23:09:23 -0700
Processing by AppointmentsController#index as HTML
  Parameters: {"person_id"=>"2", "role"=>"doctor"}
  Rendering appointments/index.html.erb within layouts/application
  Rendered appointments/index.html.erb within layouts/application (1.2ms)
Completed 200 OK in 26ms (Views: 23.7ms | ActiveRecord: 0.0ms)


Started GET "/appointments/index?person_id=3&role=doctor" for 127.0.0.1 at 2018-06-05 23:09:23 -0700
Processing by AppointmentsController#index as HTML
  Parameters: {"person_id"=>"3", "role"=>"doctor"}
  Rendering appointments/index.html.erb within layouts/application
  Rendered appointments/index.html.erb within layouts/application (1.1ms)
Completed 200 OK in 18ms (Views: 16.2ms | ActiveRecord: 0.0ms)


Started GET "/appointments/index?person_id=3&role=doctor" for 127.0.0.1 at 2018-06-05 23:09:34 -0700
Processing by AppointmentsController#index as HTML
  Parameters: {"person_id"=>"3", "role"=>"doctor"}
  Rendering appointments/index.html.erb within layouts/application
  Rendered appointments/index.html.erb within layouts/application (1.2ms)
Completed 200 OK in 19ms (Views: 16.3ms | ActiveRecord: 0.0ms)


Started GET "/appointments/index?person_id=3&role=doctor" for 127.0.0.1 at 2018-06-05 23:10:06 -0700
Processing by AppointmentsController#index as HTML
  Parameters: {"person_id"=>"3", "role"=>"doctor"}
  Rendering appointments/index.html.erb within layouts/application
  Rendered appointments/index.html.erb within layouts/application (2.0ms)
Completed 200 OK in 18ms (Views: 15.8ms | ActiveRecord: 0.0ms)


Started GET "/appointments/index?person_id=3&role=doctor" for 127.0.0.1 at 2018-06-05 23:12:01 -0700
Processing by AppointmentsController#index as HTML
  Parameters: {"person_id"=>"3", "role"=>"doctor"}
  Rendering appointments/index.html.erb within layouts/application
  Rendered appointments/index.html.erb within layouts/application (1.2ms)
Completed 200 OK in 17ms (Views: 15.5ms | ActiveRecord: 0.0ms)


Started GET "/appointments/index?person_id=2&role=doctor" for 127.0.0.1 at 2018-06-05 23:12:10 -0700
Processing by AppointmentsController#index as HTML
  Parameters: {"person_id"=>"2", "role"=>"doctor"}
  Rendering appointments/index.html.erb within layouts/application
  Rendered appointments/index.html.erb within layouts/application (2.1ms)
Completed 200 OK in 34ms (Views: 32.3ms | ActiveRecord: 0.0ms)


Started GET "/appointments/index?person_id=1&role=doctor" for 127.0.0.1 at 2018-06-05 23:12:10 -0700
Processing by AppointmentsController#index as HTML
  Parameters: {"person_id"=>"1", "role"=>"doctor"}
  Rendering appointments/index.html.erb within layouts/application
  Rendered appointments/index.html.erb within layouts/application (1.2ms)
Completed 200 OK in 19ms (Views: 17.2ms | ActiveRecord: 0.0ms)


Started GET "/appointments/index?person_id=2&role=doctor" for 127.0.0.1 at 2018-06-05 23:12:11 -0700
Processing by AppointmentsController#index as HTML
  Parameters: {"person_id"=>"2", "role"=>"doctor"}
  Rendering appointments/index.html.erb within layouts/application
  Rendered appointments/index.html.erb within layouts/application (2.7ms)
Completed 200 OK in 22ms (Views: 19.9ms | ActiveRecord: 0.0ms)


Started GET "/appointments/index?person_id=3&role=doctor" for 127.0.0.1 at 2018-06-05 23:12:11 -0700
Processing by AppointmentsController#index as HTML
  Parameters: {"person_id"=>"3", "role"=>"doctor"}
  Rendering appointments/index.html.erb within layouts/application
  Rendered appointments/index.html.erb within layouts/application (1.2ms)
Completed 200 OK in 19ms (Views: 17.6ms | ActiveRecord: 0.0ms)


Started GET "/appointments/index?person_id=2&role=doctor" for 127.0.0.1 at 2018-06-05 23:12:12 -0700
Processing by AppointmentsController#index as HTML
  Parameters: {"person_id"=>"2", "role"=>"doctor"}
  Rendering appointments/index.html.erb within layouts/application
  Rendered appointments/index.html.erb within layouts/application (1.8ms)
Completed 200 OK in 22ms (Views: 19.9ms | ActiveRecord: 0.0ms)


Started GET "/appointments/index?person_id=3&role=doctor" for 127.0.0.1 at 2018-06-05 23:12:14 -0700
Processing by AppointmentsController#index as HTML
  Parameters: {"person_id"=>"3", "role"=>"doctor"}
  Rendering appointments/index.html.erb within layouts/application
  Rendered appointments/index.html.erb within layouts/application (1.4ms)
Completed 200 OK in 22ms (Views: 20.2ms | ActiveRecord: 0.0ms)


Started GET "/appointments/index?person_id=1&role=doctor" for 127.0.0.1 at 2018-06-05 23:12:15 -0700
Processing by AppointmentsController#index as HTML
  Parameters: {"person_id"=>"1", "role"=>"doctor"}
  Rendering appointments/index.html.erb within layouts/application
  Rendered appointments/index.html.erb within layouts/application (2.0ms)
Completed 200 OK in 22ms (Views: 20.7ms | ActiveRecord: 0.0ms)


Started GET "/appointments/index?person_id=2&role=doctor" for 127.0.0.1 at 2018-06-05 23:12:16 -0700
Processing by AppointmentsController#index as HTML
  Parameters: {"person_id"=>"2", "role"=>"doctor"}
  Rendering appointments/index.html.erb within layouts/application
  Rendered appointments/index.html.erb within layouts/application (1.2ms)
Completed 200 OK in 25ms (Views: 23.3ms | ActiveRecord: 0.0ms)


Started GET "/appointments/index?person_id=3&role=doctor" for 127.0.0.1 at 2018-06-05 23:12:16 -0700
Processing by AppointmentsController#index as HTML
  Parameters: {"person_id"=>"3", "role"=>"doctor"}
  Rendering appointments/index.html.erb within layouts/application
  Rendered appointments/index.html.erb within layouts/application (1.1ms)
Completed 200 OK in 20ms (Views: 17.6ms | ActiveRecord: 0.0ms)


Started GET "/appointments/index?person_id=2&role=doctor" for 127.0.0.1 at 2018-06-05 23:12:17 -0700
Processing by AppointmentsController#index as HTML
  Parameters: {"person_id"=>"2", "role"=>"doctor"}
  Rendering appointments/index.html.erb within layouts/application
  Rendered appointments/index.html.erb within layouts/application (1.2ms)
Completed 200 OK in 19ms (Views: 17.0ms | ActiveRecord: 0.0ms)


Started GET "/appointments/index?person_id=2&role=doctor" for 127.0.0.1 at 2018-06-05 23:12:18 -0700
Processing by AppointmentsController#index as HTML
  Parameters: {"person_id"=>"2", "role"=>"doctor"}
  Rendering appointments/index.html.erb within layouts/application
  Rendered appointments/index.html.erb within layouts/application (1.5ms)
Completed 200 OK in 21ms (Views: 18.4ms | ActiveRecord: 0.0ms)


Started GET "/appointments/index?person_id=3&role=doctor" for 127.0.0.1 at 2018-06-05 23:12:18 -0700
Processing by AppointmentsController#index as HTML
  Parameters: {"person_id"=>"3", "role"=>"doctor"}
  Rendering appointments/index.html.erb within layouts/application
  Rendered appointments/index.html.erb within layouts/application (1.3ms)
Completed 200 OK in 23ms (Views: 21.7ms | ActiveRecord: 0.0ms)


Started GET "/appointments/index?person_id=1&role=doctor" for 127.0.0.1 at 2018-06-05 23:12:19 -0700
Processing by AppointmentsController#index as HTML
  Parameters: {"person_id"=>"1", "role"=>"doctor"}
  Rendering appointments/index.html.erb within layouts/application
  Rendered appointments/index.html.erb within layouts/application (1.3ms)
Completed 200 OK in 21ms (Views: 19.1ms | ActiveRecord: 0.0ms)


Started GET "/appointments/index?person_id=3&role=doctor" for 127.0.0.1 at 2018-06-05 23:12:21 -0700
Processing by AppointmentsController#index as HTML
  Parameters: {"person_id"=>"3", "role"=>"doctor"}
  Rendering appointments/index.html.erb within layouts/application
  Rendered appointments/index.html.erb within layouts/application (2.1ms)
Completed 200 OK in 28ms (Views: 26.3ms | ActiveRecord: 0.0ms)


Started GET "/appointments/index?person_id=3&role=doctor" for 127.0.0.1 at 2018-06-05 23:13:05 -0700
Processing by AppointmentsController#index as HTML
  Parameters: {"person_id"=>"3", "role"=>"doctor"}
  Rendering appointments/index.html.erb within layouts/application
  Rendered appointments/index.html.erb within layouts/application (1.1ms)
Completed 200 OK in 18ms (Views: 16.0ms | ActiveRecord: 0.0ms)


Started GET "/appointments/index?person_id=3&role=doctor" for 127.0.0.1 at 2018-06-05 23:13:07 -0700
Processing by AppointmentsController#index as HTML
  Parameters: {"person_id"=>"3", "role"=>"doctor"}
  Rendering appointments/index.html.erb within layouts/application
  Rendered appointments/index.html.erb within layouts/application (1.1ms)
Completed 200 OK in 17ms (Views: 15.1ms | ActiveRecord: 0.0ms)


Started GET "/appointments/index?person_id=3&role=doctor" for 127.0.0.1 at 2018-06-05 23:13:41 -0700
Processing by AppointmentsController#index as HTML
  Parameters: {"person_id"=>"3", "role"=>"doctor"}
  Rendering appointments/index.html.erb within layouts/application
  Rendered appointments/index.html.erb within layouts/application (1.2ms)
Completed 200 OK in 18ms (Views: 15.9ms | ActiveRecord: 0.0ms)


Started GET "/appointments/index?person_id=2&role=doctor" for 127.0.0.1 at 2018-06-05 23:13:43 -0700
Processing by AppointmentsController#index as HTML
  Parameters: {"person_id"=>"2", "role"=>"doctor"}
  Rendering appointments/index.html.erb within layouts/application
  Rendered appointments/index.html.erb within layouts/application (1.5ms)
Completed 200 OK in 19ms (Views: 17.1ms | ActiveRecord: 0.0ms)


Started GET "/appointments/index?person_id=1&role=doctor" for 127.0.0.1 at 2018-06-05 23:13:45 -0700
Processing by AppointmentsController#index as HTML
  Parameters: {"person_id"=>"1", "role"=>"doctor"}
  Rendering appointments/index.html.erb within layouts/application
  Rendered appointments/index.html.erb within layouts/application (2.2ms)
Completed 200 OK in 28ms (Views: 26.4ms | ActiveRecord: 0.0ms)


Started GET "/appointments/index?person_id=2&role=doctor" for 127.0.0.1 at 2018-06-05 23:13:45 -0700
Processing by AppointmentsController#index as HTML
  Parameters: {"person_id"=>"2", "role"=>"doctor"}
  Rendering appointments/index.html.erb within layouts/application
  Rendered appointments/index.html.erb within layouts/application (1.1ms)
Completed 200 OK in 18ms (Views: 16.5ms | ActiveRecord: 0.0ms)


Started GET "/appointments/index?person_id=2&role=doctor" for 127.0.0.1 at 2018-06-05 23:15:49 -0700
Processing by AppointmentsController#index as HTML
  Parameters: {"person_id"=>"2", "role"=>"doctor"}
  Rendering appointments/index.html.erb within layouts/application
  Rendered appointments/index.html.erb within layouts/application (1.4ms)
Completed 200 OK in 18ms (Views: 16.4ms | ActiveRecord: 0.0ms)


Started GET "/appointments/index?person_id=1&role=doctor" for 127.0.0.1 at 2018-06-05 23:15:51 -0700
Processing by AppointmentsController#index as HTML
  Parameters: {"person_id"=>"1", "role"=>"doctor"}
  Rendering appointments/index.html.erb within layouts/application
  Rendered appointments/index.html.erb within layouts/application (2.1ms)
Completed 200 OK in 22ms (Views: 20.1ms | ActiveRecord: 0.0ms)


Started GET "/appointments/index?person_id=2&role=doctor" for 127.0.0.1 at 2018-06-05 23:15:52 -0700
Processing by AppointmentsController#index as HTML
  Parameters: {"person_id"=>"2", "role"=>"doctor"}
  Rendering appointments/index.html.erb within layouts/application
  Rendered appointments/index.html.erb within layouts/application (1.6ms)
Completed 200 OK in 19ms (Views: 17.5ms | ActiveRecord: 0.0ms)


Started GET "/appointments/index?person_id=3&role=doctor" for 127.0.0.1 at 2018-06-05 23:15:52 -0700
Processing by AppointmentsController#index as HTML
  Parameters: {"person_id"=>"3", "role"=>"doctor"}
  Rendering appointments/index.html.erb within layouts/application
  Rendered appointments/index.html.erb within layouts/application (2.3ms)
Completed 200 OK in 27ms (Views: 25.5ms | ActiveRecord: 0.0ms)


Started GET "/appointments/index?person_id=4&role=doctor" for 127.0.0.1 at 2018-06-05 23:15:53 -0700
Processing by AppointmentsController#index as HTML
  Parameters: {"person_id"=>"4", "role"=>"doctor"}
  Rendering appointments/index.html.erb within layouts/application
  Rendered appointments/index.html.erb within layouts/application (1.4ms)
Completed 200 OK in 19ms (Views: 17.3ms | ActiveRecord: 0.0ms)


Started GET "/appointments/index?person_id=3&role=doctor" for 127.0.0.1 at 2018-06-05 23:16:04 -0700
Processing by AppointmentsController#index as HTML
  Parameters: {"person_id"=>"3", "role"=>"doctor"}
  Rendering appointments/index.html.erb within layouts/application
  Rendered appointments/index.html.erb within layouts/application (2.2ms)
Completed 200 OK in 23ms (Views: 20.1ms | ActiveRecord: 0.0ms)


Started GET "/appointments/index?person_id=6&role=doctor" for 127.0.0.1 at 2018-06-05 23:16:06 -0700
Processing by AppointmentsController#index as HTML
  Parameters: {"person_id"=>"6", "role"=>"doctor"}
  Rendering appointments/index.html.erb within layouts/application
  Rendered appointments/index.html.erb within layouts/application (1.3ms)
Completed 200 OK in 19ms (Views: 17.2ms | ActiveRecord: 0.0ms)


Started GET "/doctors/index" for 127.0.0.1 at 2018-06-05 23:16:17 -0700
Processing by DoctorsController#index as HTML
  Rendering doctors/index.html.erb within layouts/application
  Rendered doctors/index.html.erb within layouts/application (0.8ms)
Completed 200 OK in 19ms (Views: 16.8ms | ActiveRecord: 0.0ms)


Started GET "/appointments/index?person_id=6&role=doctor" for 127.0.0.1 at 2018-06-05 23:18:52 -0700
Processing by AppointmentsController#index as HTML
  Parameters: {"person_id"=>"6", "role"=>"doctor"}
  Rendering appointments/index.html.erb within layouts/application
  Rendered appointments/index.html.erb within layouts/application (1.5ms)
Completed 200 OK in 26ms (Views: 24.0ms | ActiveRecord: 0.0ms)


Started GET "/doctors/index" for 127.0.0.1 at 2018-06-05 23:18:54 -0700
Processing by DoctorsController#index as HTML
  Rendering doctors/index.html.erb within layouts/application
  Rendered doctors/index.html.erb within layouts/application (1.1ms)
Completed 200 OK in 18ms (Views: 16.1ms | ActiveRecord: 0.0ms)


Started GET "/appointments/index?person_id=1" for 127.0.0.1 at 2018-06-05 23:18:58 -0700
Processing by AppointmentsController#index as HTML
  Parameters: {"person_id"=>"1"}
  Rendering appointments/index.html.erb within layouts/application
  Rendered appointments/index.html.erb within layouts/application (2.8ms)
Completed 500 Internal Server Error in 7ms (ActiveRecord: 0.0ms)


  
ActionView::Template::Error (undefined method `pluralize' for nil:NilClass):
    1: <div class="row">
    2:   <div class="column" style="width: 15%; background-color: #f4f4f6;">
    3:     <h3 style='color: #285766;'><%= @role.pluralize.upcase %></h3>
    4:     <ul>
    5:       <% @all_persons.each do |person| %>
    6:         <% if (person[:id] == @person[:id]) %>
  
app/views/appointments/index.html.erb:3:in `_app_views_appointments_index_html_erb__4435769144899492419_70189005933660'
Started GET "/doctors/index" for 127.0.0.1 at 2018-06-05 23:19:03 -0700
Processing by DoctorsController#index as HTML
  Rendering doctors/index.html.erb within layouts/application
  Rendered doctors/index.html.erb within layouts/application (0.9ms)
Completed 200 OK in 16ms (Views: 14.9ms | ActiveRecord: 0.0ms)


Started GET "/appointments/index?person_id=6&role=doctor" for 127.0.0.1 at 2018-06-05 23:19:42 -0700
Processing by AppointmentsController#index as HTML
  Parameters: {"person_id"=>"6", "role"=>"doctor"}
  Rendering appointments/index.html.erb within layouts/application
  Rendered appointments/index.html.erb within layouts/application (2.3ms)
Completed 200 OK in 23ms (Views: 21.4ms | ActiveRecord: 0.0ms)


Started GET "/doctors/index" for 127.0.0.1 at 2018-06-05 23:19:45 -0700
Processing by DoctorsController#index as HTML
  Rendering doctors/index.html.erb within layouts/application
  Rendered doctors/index.html.erb within layouts/application (1.2ms)
Completed 200 OK in 19ms (Views: 17.6ms | ActiveRecord: 0.0ms)


Started GET "/appointments/index?person_id=6&role=doctor" for 127.0.0.1 at 2018-06-05 23:20:49 -0700
Processing by AppointmentsController#index as HTML
  Parameters: {"person_id"=>"6", "role"=>"doctor"}
  Rendering appointments/index.html.erb within layouts/application
  Rendered appointments/index.html.erb within layouts/application (1.3ms)
Completed 200 OK in 19ms (Views: 17.0ms | ActiveRecord: 0.0ms)


Started GET "/appointments/index?person_id=3&role=doctor" for 127.0.0.1 at 2018-06-05 23:20:52 -0700
Processing by AppointmentsController#index as HTML
  Parameters: {"person_id"=>"3", "role"=>"doctor"}
  Rendering appointments/index.html.erb within layouts/application
  Rendered appointments/index.html.erb within layouts/application (1.9ms)
Completed 200 OK in 25ms (Views: 23.4ms | ActiveRecord: 0.0ms)


Started GET "/appointments/index?person_id=4&role=doctor" for 127.0.0.1 at 2018-06-05 23:20:53 -0700
Processing by AppointmentsController#index as HTML
  Parameters: {"person_id"=>"4", "role"=>"doctor"}
  Rendering appointments/index.html.erb within layouts/application
  Rendered appointments/index.html.erb within layouts/application (2.9ms)
Completed 200 OK in 42ms (Views: 39.8ms | ActiveRecord: 0.0ms)


Started GET "/doctors/index" for 127.0.0.1 at 2018-06-05 23:20:55 -0700
Processing by DoctorsController#index as HTML
  Rendering doctors/index.html.erb within layouts/application
  Rendered doctors/index.html.erb within layouts/application (2.2ms)
Completed 200 OK in 33ms (Views: 30.9ms | ActiveRecord: 0.0ms)


Started GET "/appointments/index?person_id=1" for 127.0.0.1 at 2018-06-05 23:20:58 -0700
Processing by AppointmentsController#index as HTML
  Parameters: {"person_id"=>"1"}
  Rendering appointments/index.html.erb within layouts/application
  Rendered appointments/index.html.erb within layouts/application (4.6ms)
Completed 500 Internal Server Error in 10ms (ActiveRecord: 0.0ms)


  
ActionView::Template::Error (undefined method `pluralize' for nil:NilClass):
    1: <div class="row">
    2:   <div class="column" style="width: 15%; background-color: #f4f4f6;">
    3:     <h3 style='color: #285766;'><%= @role.pluralize.upcase %></h3>
    4:     <ul>
    5:       <% @all_persons.each do |person| %>
    6:         <% if (person[:id] == @person[:id]) %>
  
app/views/appointments/index.html.erb:3:in `_app_views_appointments_index_html_erb__4435769144899492419_70188984457680'
Started GET "/appointments/index?person_id=1" for 127.0.0.1 at 2018-06-05 23:21:18 -0700
Processing by AppointmentsController#index as HTML
  Parameters: {"person_id"=>"1"}
  Rendering appointments/index.html.erb within layouts/application
  Rendered appointments/index.html.erb within layouts/application (2.7ms)
Completed 500 Internal Server Error in 9ms (ActiveRecord: 0.0ms)


  
ActionView::Template::Error (undefined method `pluralize' for nil:NilClass):
    1: <div class="row">
    2:   <div class="column" style="width: 15%; background-color: #f4f4f6;">
    3:     <h3 style='color: #285766;'><%= @role.pluralize.upcase %></h3>
    4:     <ul>
    5:       <% @all_persons.each do |person| %>
    6:         <% if (person[:id] == @person[:id]) %>
  
app/views/appointments/index.html.erb:3:in `_app_views_appointments_index_html_erb__4435769144899492419_70188974856240'
Started GET "/doctors/index" for 127.0.0.1 at 2018-06-05 23:21:26 -0700
Processing by DoctorsController#index as HTML
  Rendering doctors/index.html.erb within layouts/application
  Rendered doctors/index.html.erb within layouts/application (1.1ms)
Completed 200 OK in 18ms (Views: 16.0ms | ActiveRecord: 0.0ms)


Started GET "/appointments/index?person_id=1&role=doctor" for 127.0.0.1 at 2018-06-05 23:21:28 -0700
Processing by AppointmentsController#index as HTML
  Parameters: {"person_id"=>"1", "role"=>"doctor"}
  Rendering appointments/index.html.erb within layouts/application
  Rendered appointments/index.html.erb within layouts/application (2.4ms)
Completed 200 OK in 27ms (Views: 25.7ms | ActiveRecord: 0.0ms)


Started GET "/appointments/index?person_id=2&role=doctor" for 127.0.0.1 at 2018-06-05 23:21:29 -0700
Processing by AppointmentsController#index as HTML
  Parameters: {"person_id"=>"2", "role"=>"doctor"}
  Rendering appointments/index.html.erb within layouts/application
  Rendered appointments/index.html.erb within layouts/application (2.6ms)
Completed 200 OK in 29ms (Views: 27.2ms | ActiveRecord: 0.0ms)


Started GET "/appointments/index?person_id=1&role=doctor" for 127.0.0.1 at 2018-06-05 23:22:14 -0700
Processing by AppointmentsController#index as HTML
  Parameters: {"person_id"=>"1", "role"=>"doctor"}
  Rendering appointments/index.html.erb within layouts/application
  Rendered appointments/index.html.erb within layouts/application (2.2ms)
Completed 200 OK in 22ms (Views: 19.8ms | ActiveRecord: 0.0ms)


Started GET "/appointments/index?person_id=2&role=doctor" for 127.0.0.1 at 2018-06-05 23:22:15 -0700
Processing by AppointmentsController#index as HTML
  Parameters: {"person_id"=>"2", "role"=>"doctor"}
  Rendering appointments/index.html.erb within layouts/application
  Rendered appointments/index.html.erb within layouts/application (2.2ms)
Completed 200 OK in 23ms (Views: 20.9ms | ActiveRecord: 0.0ms)


Started GET "/appointments/index?person_id=3&role=doctor" for 127.0.0.1 at 2018-06-05 23:22:15 -0700
Processing by AppointmentsController#index as HTML
  Parameters: {"person_id"=>"3", "role"=>"doctor"}
  Rendering appointments/index.html.erb within layouts/application
  Rendered appointments/index.html.erb within layouts/application (2.4ms)
Completed 200 OK in 22ms (Views: 20.2ms | ActiveRecord: 0.0ms)


Started GET "/appointments/index?person_id=1&role=doctor" for 127.0.0.1 at 2018-06-05 23:22:16 -0700
Processing by AppointmentsController#index as HTML
  Parameters: {"person_id"=>"1", "role"=>"doctor"}
  Rendering appointments/index.html.erb within layouts/application
  Rendered appointments/index.html.erb within layouts/application (2.9ms)
Completed 200 OK in 22ms (Views: 20.7ms | ActiveRecord: 0.0ms)


Started GET "/appointments/index?person_id=6&role=doctor" for 127.0.0.1 at 2018-06-05 23:22:20 -0700
Processing by AppointmentsController#index as HTML
  Parameters: {"person_id"=>"6", "role"=>"doctor"}
  Rendering appointments/index.html.erb within layouts/application
  Rendered appointments/index.html.erb within layouts/application (1.6ms)
Completed 200 OK in 20ms (Views: 18.2ms | ActiveRecord: 0.0ms)


